<?xml version="1.0" encoding="UTF-8"?>
<!-- Generated by org.testng.reporters.JUnitReportReporter -->
<testsuite skipped="0" hostname="DESKTOP-QK2T4EG" name="com.atipune.pom.testpages.HomePageTests" tests="5" failures="0" timestamp="2021-12-18T09:41:09 IST" time="0.712" errors="0">
  <testcase name="verifyHomePageTitle" time="0.118" classname="com.atipune.pom.testpages.HomePageTests"/>
  <system-out/>
  <testcase name="verifyNewArrivalsDisplayed" time="0.419" classname="com.atipune.pom.testpages.HomePageTests"/>
  <system-out/>
  <testcase name="verifyFirstBookTitle" time="0.054" classname="com.atipune.pom.testpages.HomePageTests"/>
  <system-out/>
  <testcase name="verifySecondBookTitle" time="0.064" classname="com.atipune.pom.testpages.HomePageTests"/>
  <system-out/>
  <testcase name="verifyThrirdBookTitle" time="0.057" classname="com.atipune.pom.testpages.HomePageTests"/>
  <system-out/>
</testsuite> <!-- com.atipune.pom.testpages.HomePageTests -->
