<?xml version="1.0" encoding="UTF-8"?>
<!-- Generated by org.testng.reporters.JUnitReportReporter -->
<testsuite skipped="0" hostname="DESKTOP-QK2T4EG" name="com.atipune.pom.testpages.MyAccountsPageTests" tests="2" failures="0" timestamp="2021-12-18T09:41:09 IST" time="9.161" errors="0">
  <testcase name="verifyloginToMyAccount" time="4.242" classname="com.atipune.pom.testpages.MyAccountsPageTests"/>
  <system-out/>
  <testcase name="verfiyLogoutToMyAccount" time="4.919" classname="com.atipune.pom.testpages.MyAccountsPageTests"/>
  <system-out/>
</testsuite> <!-- com.atipune.pom.testpages.MyAccountsPageTests -->
